# JRE version: OpenJDK Runtime Environment (8.0_141-b15) (build 1.8.0_141-8u141-b15-1~deb9u1-b15)
# Java VM: OpenJDK 64-Bit Server VM (25.141-b15 mixed mode linux-amd64 compressed oops)
Heap:
 PSYoungGen      total 1398272K, used 187920K [0x0000000740000000, 0x00000007c0000000, 0x00000007c0000000)
  eden space 699392K, 0% used [0x0000000740000000,0x0000000740000000,0x000000076ab00000)
  from space 698880K, 26% used [0x000000076ab00000,0x0000000776284080,0x0000000795580000)
  to   space 698880K, 0% used [0x0000000795580000,0x0000000795580000,0x00000007c0000000)
 ParOldGen       total 891392K, used 833623K [0x0000000640000000, 0x0000000676680000, 0x0000000740000000)
  object space 891392K, 93% used [0x0000000640000000,0x0000000672e15ce0,0x0000000676680000)
 Metaspace       used 31265K, capacity 31546K, committed 32000K, reserved 1079296K
  class space    used 2866K, capacity 2953K, committed 3072K, reserved 1048576K
GC Heap History (10 events):
Event: 510.803 GC heap after
Heap after GC invocations=37 (full 4):
 PSYoungGen      total 1398272K, used 300702K [0x0000000740000000, 0x00000007c0000000, 0x00000007c0000000)
  eden space 699392K, 0% used [0x0000000740000000,0x0000000740000000,0x000000076ab00000)
  from space 698880K, 43% used [0x000000076ab00000,0x000000077d0a7b98,0x0000000795580000)
  to   space 698880K, 0% used [0x0000000795580000,0x0000000795580000,0x00000007c0000000)
 ParOldGen       total 891392K, used 531247K [0x0000000640000000, 0x0000000676680000, 0x0000000740000000)
  object space 891392K, 59% used [0x0000000640000000,0x00000006606cbce0,0x0000000676680000)
 Metaspace       used 24525K, capacity 24858K, committed 25088K, reserved 1071104K
  class space    used 2673K, capacity 2793K, committed 2816K, reserved 1048576K
}
Event: 515.307 GC heap before
{Heap before GC invocations=38 (full 4):
 PSYoungGen      total 1398272K, used 1000094K [0x0000000740000000, 0x00000007c0000000, 0x00000007c0000000)
  eden space 699392K, 100% used [0x0000000740000000,0x000000076ab00000,0x000000076ab00000)
  from space 698880K, 43% used [0x000000076ab00000,0x000000077d0a7b98,0x0000000795580000)
  to   space 698880K, 0% used [0x0000000795580000,0x0000000795580000,0x00000007c0000000)
 ParOldGen       total 891392K, used 531247K [0x0000000640000000, 0x0000000676680000, 0x0000000740000000)
  object space 891392K, 59% used [0x0000000640000000,0x00000006606cbce0,0x0000000676680000)
 Metaspace       used 31079K, capacity 31354K, committed 31744K, reserved 1077248K
  class space    used 2866K, capacity 2953K, committed 3072K, reserved 1048576K
Event: 515.612 GC heap after
Heap after GC invocations=38 (full 4):
 PSYoungGen      total 1398272K, used 294856K [0x0000000740000000, 0x00000007c0000000, 0x00000007c0000000)
  eden space 699392K, 0% used [0x0000000740000000,0x0000000740000000,0x000000076ab00000)
  from space 698880K, 42% used [0x0000000795580000,0x00000007a7572080,0x00000007c0000000)
  to   space 698880K, 0% used [0x000000076ab00000,0x000000076ab00000,0x0000000795580000)
 ParOldGen       total 891392K, used 574775K [0x0000000640000000, 0x0000000676680000, 0x0000000740000000)
  object space 891392K, 64% used [0x0000000640000000,0x000000066314dce0,0x0000000676680000)
 Metaspace       used 31079K, capacity 31354K, committed 31744K, reserved 1077248K
  class space    used 2866K, capacity 2953K, committed 3072K, reserved 1048576K
}
Event: 523.813 GC heap before
{Heap before GC invocations=39 (full 4):
 PSYoungGen      total 1398272K, used 994248K [0x0000000740000000, 0x00000007c0000000, 0x00000007c0000000)
  eden space 699392K, 100% used [0x0000000740000000,0x000000076ab00000,0x000000076ab00000)
  from space 698880K, 42% used [0x0000000795580000,0x00000007a7572080,0x00000007c0000000)
  to   space 698880K, 0% used [0x000000076ab00000,0x000000076ab00000,0x0000000795580000)
 ParOldGen       total 891392K, used 574775K [0x0000000640000000, 0x0000000676680000, 0x0000000740000000)
  object space 891392K, 64% used [0x0000000640000000,0x000000066314dce0,0x0000000676680000)
 Metaspace       used 31135K, capacity 31418K, committed 31744K, reserved 1077248K
  class space    used 2866K, capacity 2953K, committed 3072K, reserved 1048576K
Event: 524.178 GC heap after
Heap after GC invocations=39 (full 4):
 PSYoungGen      total 1398272K, used 347376K [0x0000000740000000, 0x00000007c0000000, 0x00000007c0000000)
  eden space 699392K, 0% used [0x0000000740000000,0x0000000740000000,0x000000076ab00000)
  from space 698880K, 49% used [0x000000076ab00000,0x000000077fe3c080,0x0000000795580000)
  to   space 698880K, 0% used [0x0000000795580000,0x0000000795580000,0x00000007c0000000)
 ParOldGen       total 891392K, used 637055K [0x0000000640000000, 0x0000000676680000, 0x0000000740000000)
  object space 891392K, 71% used [0x0000000640000000,0x0000000666e1fce0,0x0000000676680000)
 Metaspace       used 31135K, capacity 31418K, committed 31744K, reserved 1077248K
  class space    used 2866K, capacity 2953K, committed 3072K, reserved 1048576K
}
Event: 538.127 GC heap before
{Heap before GC invocations=40 (full 4):
 PSYoungGen      total 1398272K, used 1046768K [0x0000000740000000, 0x00000007c0000000, 0x00000007c0000000)
  eden space 699392K, 100% used [0x0000000740000000,0x000000076ab00000,0x000000076ab00000)
  from space 698880K, 49% used [0x000000076ab00000,0x000000077fe3c080,0x0000000795580000)
  to   space 698880K, 0% used [0x0000000795580000,0x0000000795580000,0x00000007c0000000)
 ParOldGen       total 891392K, used 637055K [0x0000000640000000, 0x0000000676680000, 0x0000000740000000)
  object space 891392K, 71% used [0x0000000640000000,0x0000000666e1fce0,0x0000000676680000)
 Metaspace       used 31209K, capacity 31482K, committed 32000K, reserved 1079296K
  class space    used 2866K, capacity 2953K, committed 3072K, reserved 1048576K
Event: 538.508 GC heap after
Heap after GC invocations=40 (full 4):
 PSYoungGen      total 1398272K, used 306884K [0x0000000740000000, 0x00000007c0000000, 0x00000007c0000000)
  eden space 699392K, 0% used [0x0000000740000000,0x0000000740000000,0x000000076ab00000)
  from space 698880K, 43% used [0x0000000795580000,0x00000007a81310d0,0x00000007c0000000)
  to   space 698880K, 0% used [0x000000076ab00000,0x000000076ab00000,0x0000000795580000)
 ParOldGen       total 891392K, used 698111K [0x0000000640000000, 0x0000000676680000, 0x0000000740000000)
  object space 891392K, 78% used [0x0000000640000000,0x000000066a9bfce0,0x0000000676680000)
 Metaspace       used 31209K, capacity 31482K, committed 32000K, reserved 1079296K
  class space    used 2866K, capacity 2953K, committed 3072K, reserved 1048576K
}
Event: 553.588 GC heap before
{Heap before GC invocations=41 (full 4):
 PSYoungGen      total 1398272K, used 1006276K [0x0000000740000000, 0x00000007c0000000, 0x00000007c0000000)
  eden space 699392K, 100% used [0x0000000740000000,0x000000076ab00000,0x000000076ab00000)
  from space 698880K, 43% used [0x0000000795580000,0x00000007a81310d0,0x00000007c0000000)
  to   space 698880K, 0% used [0x000000076ab00000,0x000000076ab00000,0x0000000795580000)
 ParOldGen       total 891392K, used 698111K [0x0000000640000000, 0x0000000676680000, 0x0000000740000000)
  object space 891392K, 78% used [0x0000000640000000,0x000000066a9bfce0,0x0000000676680000)
 Metaspace       used 31265K, capacity 31546K, committed 32000K, reserved 1079296K
  class space    used 2866K, capacity 2953K, committed 3072K, reserved 1048576K
Event: 554.045 GC heap after
Heap after GC invocations=41 (full 4):
 PSYoungGen      total 1398272K, used 187920K [0x0000000740000000, 0x00000007c0000000, 0x00000007c0000000)
  eden space 699392K, 0% used [0x0000000740000000,0x0000000740000000,0x000000076ab00000)
  from space 698880K, 26% used [0x000000076ab00000,0x0000000776284080,0x0000000795580000)
  to   space 698880K, 0% used [0x0000000795580000,0x0000000795580000,0x00000007c0000000)
 ParOldGen       total 891392K, used 833623K [0x0000000640000000, 0x0000000676680000, 0x0000000740000000)
  object space 891392K, 93% used [0x0000000640000000,0x0000000672e15ce0,0x0000000676680000)
 Metaspace       used 31265K, capacity 31546K, committed 32000K, reserved 1079296K
  class space    used 2866K, capacity 2953K, committed 3072K, reserved 1048576K
}
Event: 554.045 GC heap before
{Heap before GC invocations=42 (full 5):
 PSYoungGen      total 1398272K, used 187920K [0x0000000740000000, 0x00000007c0000000, 0x00000007c0000000)
  eden space 699392K, 0% used [0x0000000740000000,0x0000000740000000,0x000000076ab00000)
  from space 698880K, 26% used [0x000000076ab00000,0x0000000776284080,0x0000000795580000)
  to   space 698880K, 0% used [0x0000000795580000,0x0000000795580000,0x00000007c0000000)
 ParOldGen       total 891392K, used 833623K [0x0000000640000000, 0x0000000676680000, 0x0000000740000000)
  object space 891392K, 93% used [0x0000000640000000,0x0000000672e15ce0,0x0000000676680000)
 Metaspace       used 31265K, capacity 31546K, committed 32000K, reserved 1079296K
  class space    used 2866K, capacity 2953K, committed 3072K, reserved 1048576K

